2024.07.25 00:09:22 INFO  Started: Metals version 1.3.3 in folders '/Users/daiki/repos/scala-dotinstall' for client Visual Studio Code 1.89.1.[0m
SLF4J(W): Class path contains multiple SLF4J providers.
SLF4J(W): Found provider [scribe.slf4j.ScribeServiceProvider@60ad454f]
SLF4J(W): Found provider [ch.qos.logback.classic.spi.LogbackServiceProvider@1400b11e]
SLF4J(W): See https://www.slf4j.org/codes.html#multiple_bindings for an explanation.
SLF4J(I): Actual provider is of type [scribe.slf4j.ScribeServiceProvider@60ad454f]
2024.07.25 00:09:22 WARN  Flyway upgrade recommended: H2 2.2.224 is newer than this version of Flyway and support has not been tested. The latest supported version of H2 is 2.2.220.[0m
2024.07.25 00:16:00 INFO  Shutting down server[0m
2024.07.25 00:16:00 INFO  shutting down Metals[0m
2024.07.25 00:16:00 INFO  Exiting server[0m
2024.07.25 00:16:05 INFO  Started: Metals version 1.3.3 in folders '/Users/daiki/repos/scala-dotinstall' for client Visual Studio Code 1.89.1.[0m
SLF4J(W): Class path contains multiple SLF4J providers.
SLF4J(W): Found provider [scribe.slf4j.ScribeServiceProvider@2d498cf9]
SLF4J(W): Found provider [ch.qos.logback.classic.spi.LogbackServiceProvider@7a374f1b]
SLF4J(W): See https://www.slf4j.org/codes.html#multiple_bindings for an explanation.
SLF4J(I): Actual provider is of type [scribe.slf4j.ScribeServiceProvider@2d498cf9]
2024.07.25 00:16:05 WARN  Flyway upgrade recommended: H2 2.2.224 is newer than this version of Flyway and support has not been tested. The latest supported version of H2 is 2.2.220.[0m
2024.07.25 00:16:11 INFO  no build target found for /Users/daiki/repos/scala-dotinstall/build.sbt. Using presentation compiler with project's scala-library version: 3.3.3[0m
2024.07.25 00:16:16 WARN  Could not find semantic tokens for: file:///Users/daiki/repos/scala-dotinstall/build.sbt[0m
Jul 25, 2024 12:16:24 AM org.eclipse.lsp4j.jsonrpc.services.GenericEndpoint notify
INFO: Unsupported notification method: $/setTrace
2024.07.25 00:16:27 INFO  running '/opt/homebrew/bin/sbt -Dbloop.export-jar-classifiers=sources bloopInstall'[0m
2024.07.25 00:16:27 WARN  no build target for: /Users/daiki/repos/scala-dotinstall/project/metals.sbt[0m
2024.07.25 00:16:27 WARN  no build target for: /Users/daiki/repos/scala-dotinstall/project/project/metals.sbt[0m
2024.07.25 00:16:27 INFO  no build target found for /Users/daiki/repos/scala-dotinstall/project/project/metals.sbt. Using presentation compiler with project's scala-library version: 3.3.3[0m
2024.07.25 00:16:27 INFO  no build target found for /Users/daiki/repos/scala-dotinstall/build.sbt. Using presentation compiler with project's scala-library version: 3.3.3[0m
2024.07.25 00:16:27 WARN  Could not find semantic tokens for: file:///Users/daiki/repos/scala-dotinstall/build.sbt[0m
2024.07.25 00:16:27 INFO  no build target found for /Users/daiki/repos/scala-dotinstall/project/metals.sbt. Using presentation compiler with project's scala-library version: 3.3.3[0m
2024.07.25 00:16:27 INFO  copying runtime jar...[0m
2024.07.25 00:16:32 INFO  [info] welcome to sbt 1.10.1 (Eclipse Adoptium Java 17)[0m
2024.07.25 00:16:32 INFO  [info] loading settings for project scala-dotinstall-build-build from metals.sbt ...[0m
2024.07.25 00:16:33 INFO  [info] loading project definition from /Users/daiki/repos/scala-dotinstall/project/project[0m
2024.07.25 00:16:36 INFO  [info] loading settings for project scala-dotinstall-build from metals.sbt ...[0m
2024.07.25 00:16:36 INFO  [info] loading project definition from /Users/daiki/repos/scala-dotinstall/project[0m
2024.07.25 00:16:39 INFO  [success] Generated .bloop/scala-dotinstall-build.json[0m
2024.07.25 00:16:39 INFO  [success] Total time: 4 s, completed Jul 25, 2024, 12:16:39 AM[0m
2024.07.25 00:16:39 INFO  [info] loading settings for project scala-dotinstall from build.sbt ...[0m
2024.07.25 00:16:39 INFO  [info] set current project to scala-dotinstall (in build file:/Users/daiki/repos/scala-dotinstall/)[0m
2024.07.25 00:16:40 INFO  [success] Generated .bloop/scala-dotinstall.json[0m
2024.07.25 00:16:40 INFO  [success] Generated .bloop/scala-dotinstall-test.json[0m
2024.07.25 00:16:40 INFO  [success] Total time: 1 s, completed Jul 25, 2024, 12:16:40 AM[0m
2024.07.25 00:16:40 INFO  time: ran 'sbt bloopInstall' in 13s[0m
2024.07.25 00:16:40 INFO  Attempting to connect to the build server...[0m
2024.07.25 00:16:40 INFO  Setting up current java home /Users/daiki/Library/Caches/Coursier/arc/https/github.com/adoptium/temurin17-binaries/releases/download/jdk-17%252B35/OpenJDK17-jdk_aarch64_mac_hotspot_17_35.tar.gz/jdk-17+35/Contents/Home in /Users/daiki/.bloop/bloop.json[0m
2024.07.25 00:16:42 INFO  no build target found for /Users/daiki/repos/scala-dotinstall/build.sbt. Using presentation compiler with project's scala-library version: 3.3.3[0m
2024.07.25 00:16:49 INFO  tracing is disabled for protocol BSP, to enable tracing of incoming and outgoing JSON messages create an empty file at /Users/daiki/repos/scala-dotinstall/.metals/bsp.trace.json or /Users/daiki/Library/Caches/org.scalameta.metals/bsp.trace.json[0m
2024.07.25 00:16:51 INFO  Attempting to connect to the build server...[0m
2024.07.25 00:16:51 INFO  tracing is disabled for protocol BSP, to enable tracing of incoming and outgoing JSON messages create an empty file at /Users/daiki/repos/scala-dotinstall/project/.metals/bsp.trace.json or /Users/daiki/Library/Caches/org.scalameta.metals/bsp.trace.json[0m
2024.07.25 00:16:52 INFO  time: Connected to build server in 11s[0m
2024.07.25 00:16:52 INFO  Connected to Build server: Bloop v1.6.0[0m
2024.07.25 00:16:52 INFO  running doctor check[0m
2024.07.25 00:16:52 INFO  java targets: scala-dotinstall-build, scala-dotinstall-test, scala-dotinstall[0m
2024.07.25 00:17:03 ERROR Failed to resolve mtags for 2.11.8
coursierapi.error.SimpleResolutionError$1: Error downloading org.scalameta:mtags_2.11.8:1.3.3
  not found: /Users/daiki/.ivy2/local/org.scalameta/mtags_2.11.8/1.3.3/ivys/ivy.xml
  not found: https://repo1.maven.org/maven2/org/scalameta/mtags_2.11.8/1.3.3/mtags_2.11.8-1.3.3.pom
  not found: /Users/daiki/.ivy2/local/org.scalameta/mtags_2.11.8/1.3.3/ivys/ivy.xml
  not found: https://oss.sonatype.org/content/repositories/public/org/scalameta/mtags_2.11.8/1.3.3/mtags_2.11.8-1.3.3.pom
  not found: https://oss.sonatype.org/content/repositories/snapshots/org/scalameta/mtags_2.11.8/1.3.3/mtags_2.11.8-1.3.3.pom
	at coursierapi.error.SimpleResolutionError.of(SimpleResolutionError.java:11)
	at coursierapi.shaded.coursier.internal.api.ApiHelper$.simpleResError(ApiHelper.scala:371)
	at coursierapi.shaded.coursier.internal.api.ApiHelper$.doFetch(ApiHelper.scala:415)
	at coursierapi.shaded.coursier.internal.api.ApiHelper.doFetch(ApiHelper.scala)
	at coursierapi.Fetch.fetchResult(Fetch.java:244)
	at coursierapi.Fetch.fetch(Fetch.java:239)
	at scala.meta.internal.metals.Embedded$.downloadDependency(Embedded.scala:301)
	at scala.meta.internal.metals.Embedded$.downloadMtags(Embedded.scala:340)
	at scala.meta.internal.metals.MtagsResolver$Default.fetch$1(MtagsResolver.scala:141)
	at scala.meta.internal.metals.MtagsResolver$Default.fetch$1(MtagsResolver.scala:153)
	at scala.meta.internal.metals.MtagsResolver$Default.fetch$1(MtagsResolver.scala:153)
	at scala.meta.internal.metals.MtagsResolver$Default.fetch$1(MtagsResolver.scala:153)
	at scala.meta.internal.metals.MtagsResolver$Default.fetch$1(MtagsResolver.scala:153)
	at scala.meta.internal.metals.MtagsResolver$Default.fetch$1(MtagsResolver.scala:153)
	at scala.meta.internal.metals.MtagsResolver$Default.$anonfun$resolve$7(MtagsResolver.scala:196)
	at java.util.concurrent.ConcurrentHashMap.compute(ConcurrentHashMap.java:1916)
	at scala.meta.internal.metals.MtagsResolver$Default.resolve(MtagsResolver.scala:194)
	at scala.meta.internal.metals.MtagsResolver$Default.resolve(MtagsResolver.scala:108)
	at scala.meta.internal.metals.MtagsResolver.isSupportedScalaVersion(MtagsResolver.scala:25)
	at scala.meta.internal.metals.MtagsResolver.isSupportedScalaVersion$(MtagsResolver.scala:24)
	at scala.meta.internal.metals.MtagsResolver$Default.isSupportedScalaVersion(MtagsResolver.scala:82)
	at scala.meta.internal.metals.doctor.ProblemResolver.isSupportedScalaVersion$1(ProblemResolver.scala:198)
	at scala.meta.internal.metals.doctor.ProblemResolver.findProblem(ProblemResolver.scala:202)
	at scala.meta.internal.metals.doctor.ProblemResolver.$anonfun$problemMessage$1(ProblemResolver.scala:66)
	at scala.collection.immutable.List.flatMap(List.scala:294)
	at scala.meta.internal.metals.doctor.ProblemResolver.problemMessage(ProblemResolver.scala:65)
	at scala.meta.internal.metals.doctor.Doctor.check(Doctor.scala:113)
	at scala.meta.internal.metals.MetalsLspService.check(MetalsLspService.scala:1596)
	at scala.meta.internal.metals.ProjectMetalsLspService.check(ProjectMetalsLspService.scala:1369)
	at scala.meta.internal.metals.ProjectMetalsLspService.$anonfun$connectToNewBuildServer$4(ProjectMetalsLspService.scala:993)
	at scala.runtime.java8.JFunction0$mcV$sp.apply(JFunction0$mcV$sp.scala:18)
	at scala.meta.internal.metals.TimerProvider.timedThunk(TimerProvider.scala:25)
	at scala.meta.internal.metals.Indexer.indexWorkspace(Indexer.scala:326)
	at scala.meta.internal.metals.Indexer.$anonfun$profiledIndexWorkspace$2(Indexer.scala:166)
	at scala.runtime.java8.JFunction0$mcV$sp.apply(JFunction0$mcV$sp.scala:18)
	at scala.meta.internal.metals.TimerProvider.timedThunk(TimerProvider.scala:25)
	at scala.meta.internal.metals.Indexer.$anonfun$profiledIndexWorkspace$1(Indexer.scala:166)
	at scala.runtime.java8.JFunction0$mcV$sp.apply(JFunction0$mcV$sp.scala:18)
	at scala.concurrent.Future$.$anonfun$apply$1(Future.scala:687)
	at scala.concurrent.impl.Promise$Transformation.run(Promise.scala:467)
	at java.util.concurrent.ThreadPoolExecutor.runWorker(ThreadPoolExecutor.java:1136)
	at java.util.concurrent.ThreadPoolExecutor$Worker.run(ThreadPoolExecutor.java:635)
	at java.lang.Thread.run(Thread.java:833)
[0m
2024.07.25 00:17:04 WARN  Flyway upgrade recommended: H2 2.2.224 is newer than this version of Flyway and support has not been tested. The latest supported version of H2 is 2.2.220.[0m
2024.07.25 00:17:10 INFO  time: indexed workspace in 17s[0m
2024.07.25 00:27:18 INFO  Shutting down server[0m
2024.07.25 00:27:18 INFO  shutting down Metals[0m
2024.07.25 00:27:18 INFO  Shut down connection with build server.[0m
2024.07.25 00:27:18 INFO  Shut down connection with build server.[0m
2024.07.25 00:27:18 INFO  Exiting server[0m
2024.07.25 00:27:22 INFO  Started: Metals version 1.3.3 in folders '/Users/daiki/repos/scala-dotinstall' for client Visual Studio Code 1.89.1.[0m
SLF4J(W): Class path contains multiple SLF4J providers.
SLF4J(W): Found provider [scribe.slf4j.ScribeServiceProvider@7b94bd44]
SLF4J(W): Found provider [ch.qos.logback.classic.spi.LogbackServiceProvider@2bd3e883]
SLF4J(W): See https://www.slf4j.org/codes.html#multiple_bindings for an explanation.
SLF4J(I): Actual provider is of type [scribe.slf4j.ScribeServiceProvider@7b94bd44]
2024.07.25 00:27:22 WARN  Flyway upgrade recommended: H2 2.2.224 is newer than this version of Flyway and support has not been tested. The latest supported version of H2 is 2.2.220.[0m
2024.07.25 00:27:23 INFO  Attempting to connect to the build server...[0m
2024.07.25 00:27:23 INFO  tracing is disabled for protocol BSP, to enable tracing of incoming and outgoing JSON messages create an empty file at /Users/daiki/repos/scala-dotinstall/.metals/bsp.trace.json or /Users/daiki/Library/Caches/org.scalameta.metals/bsp.trace.json[0m
2024.07.25 00:27:23 INFO  Attempting to connect to the build server...[0m
2024.07.25 00:27:24 INFO  tracing is disabled for protocol BSP, to enable tracing of incoming and outgoing JSON messages create an empty file at /Users/daiki/repos/scala-dotinstall/project/.metals/bsp.trace.json or /Users/daiki/Library/Caches/org.scalameta.metals/bsp.trace.json[0m
2024.07.25 00:27:24 INFO  time: Connected to build server in 1.02s[0m
2024.07.25 00:27:24 INFO  Connected to Build server: Bloop v1.6.0[0m
2024.07.25 00:27:24 INFO  running doctor check[0m
2024.07.25 00:27:24 INFO  java targets: scala-dotinstall-build, scala-dotinstall-test, scala-dotinstall[0m
Jul 25, 2024 12:27:29 AM org.eclipse.lsp4j.jsonrpc.services.GenericEndpoint notify
INFO: Unsupported notification method: $/setTrace
Jul 25, 2024 12:27:30 AM org.eclipse.lsp4j.jsonrpc.services.GenericEndpoint notify
INFO: Unsupported notification method: $/setTrace
Jul 25, 2024 12:27:30 AM org.eclipse.lsp4j.jsonrpc.services.GenericEndpoint notify
INFO: Unsupported notification method: $/setTrace
Jul 25, 2024 12:27:30 AM org.eclipse.lsp4j.jsonrpc.services.GenericEndpoint notify
INFO: Unsupported notification method: $/setTrace
Jul 25, 2024 12:27:30 AM org.eclipse.lsp4j.jsonrpc.RemoteEndpoint handleCancellation
WARNING: Unmatched cancel notification for request id 7
2024.07.25 00:27:34 ERROR Failed to resolve mtags for 2.11.8
coursierapi.error.SimpleResolutionError$1: Error downloading org.scalameta:mtags_2.11.8:1.3.3
  not found: /Users/daiki/.ivy2/local/org.scalameta/mtags_2.11.8/1.3.3/ivys/ivy.xml
  not found: https://repo1.maven.org/maven2/org/scalameta/mtags_2.11.8/1.3.3/mtags_2.11.8-1.3.3.pom
  not found: /Users/daiki/.ivy2/local/org.scalameta/mtags_2.11.8/1.3.3/ivys/ivy.xml
  not found: https://oss.sonatype.org/content/repositories/public/org/scalameta/mtags_2.11.8/1.3.3/mtags_2.11.8-1.3.3.pom
  not found: https://oss.sonatype.org/content/repositories/snapshots/org/scalameta/mtags_2.11.8/1.3.3/mtags_2.11.8-1.3.3.pom
	at coursierapi.error.SimpleResolutionError.of(SimpleResolutionError.java:11)
	at coursierapi.shaded.coursier.internal.api.ApiHelper$.simpleResError(ApiHelper.scala:371)
	at coursierapi.shaded.coursier.internal.api.ApiHelper$.doFetch(ApiHelper.scala:415)
	at coursierapi.shaded.coursier.internal.api.ApiHelper.doFetch(ApiHelper.scala)
	at coursierapi.Fetch.fetchResult(Fetch.java:244)
	at coursierapi.Fetch.fetch(Fetch.java:239)
	at scala.meta.internal.metals.Embedded$.downloadDependency(Embedded.scala:301)
	at scala.meta.internal.metals.Embedded$.downloadMtags(Embedded.scala:340)
	at scala.meta.internal.metals.MtagsResolver$Default.fetch$1(MtagsResolver.scala:141)
	at scala.meta.internal.metals.MtagsResolver$Default.fetch$1(MtagsResolver.scala:153)
	at scala.meta.internal.metals.MtagsResolver$Default.fetch$1(MtagsResolver.scala:153)
	at scala.meta.internal.metals.MtagsResolver$Default.fetch$1(MtagsResolver.scala:153)
	at scala.meta.internal.metals.MtagsResolver$Default.fetch$1(MtagsResolver.scala:153)
	at scala.meta.internal.metals.MtagsResolver$Default.fetch$1(MtagsResolver.scala:153)
	at scala.meta.internal.metals.MtagsResolver$Default.$anonfun$resolve$7(MtagsResolver.scala:196)
	at java.util.concurrent.ConcurrentHashMap.compute(ConcurrentHashMap.java:1916)
	at scala.meta.internal.metals.MtagsResolver$Default.resolve(MtagsResolver.scala:194)
	at scala.meta.internal.metals.MtagsResolver$Default.resolve(MtagsResolver.scala:108)
	at scala.meta.internal.metals.MtagsResolver.isSupportedScalaVersion(MtagsResolver.scala:25)
	at scala.meta.internal.metals.MtagsResolver.isSupportedScalaVersion$(MtagsResolver.scala:24)
	at scala.meta.internal.metals.MtagsResolver$Default.isSupportedScalaVersion(MtagsResolver.scala:82)
	at scala.meta.internal.metals.doctor.ProblemResolver.isSupportedScalaVersion$1(ProblemResolver.scala:198)
	at scala.meta.internal.metals.doctor.ProblemResolver.findProblem(ProblemResolver.scala:202)
	at scala.meta.internal.metals.doctor.ProblemResolver.$anonfun$problemMessage$1(ProblemResolver.scala:66)
	at scala.collection.immutable.List.flatMap(List.scala:294)
	at scala.meta.internal.metals.doctor.ProblemResolver.problemMessage(ProblemResolver.scala:65)
	at scala.meta.internal.metals.doctor.Doctor.check(Doctor.scala:113)
	at scala.meta.internal.metals.MetalsLspService.check(MetalsLspService.scala:1596)
	at scala.meta.internal.metals.ProjectMetalsLspService.check(ProjectMetalsLspService.scala:1369)
	at scala.meta.internal.metals.ProjectMetalsLspService.$anonfun$connectToNewBuildServer$4(ProjectMetalsLspService.scala:993)
	at scala.runtime.java8.JFunction0$mcV$sp.apply(JFunction0$mcV$sp.scala:18)
	at scala.meta.internal.metals.TimerProvider.timedThunk(TimerProvider.scala:25)
	at scala.meta.internal.metals.Indexer.indexWorkspace(Indexer.scala:326)
	at scala.meta.internal.metals.Indexer.$anonfun$profiledIndexWorkspace$2(Indexer.scala:166)
	at scala.runtime.java8.JFunction0$mcV$sp.apply(JFunction0$mcV$sp.scala:18)
	at scala.meta.internal.metals.TimerProvider.timedThunk(TimerProvider.scala:25)
	at scala.meta.internal.metals.Indexer.$anonfun$profiledIndexWorkspace$1(Indexer.scala:166)
	at scala.runtime.java8.JFunction0$mcV$sp.apply(JFunction0$mcV$sp.scala:18)
	at scala.concurrent.Future$.$anonfun$apply$1(Future.scala:687)
	at scala.concurrent.impl.Promise$Transformation.run(Promise.scala:467)
	at java.util.concurrent.ThreadPoolExecutor.runWorker(ThreadPoolExecutor.java:1136)
	at java.util.concurrent.ThreadPoolExecutor$Worker.run(ThreadPoolExecutor.java:635)
	at java.lang.Thread.run(Thread.java:833)
[0m
2024.07.25 00:27:35 WARN  Flyway upgrade recommended: H2 2.2.224 is newer than this version of Flyway and support has not been tested. The latest supported version of H2 is 2.2.220.[0m
2024.07.25 00:27:35 INFO  time: indexed workspace in 11s[0m
2024.07.25 00:29:48 INFO  Shutting down server[0m
2024.07.25 00:29:48 INFO  shutting down Metals[0m
2024.07.25 00:29:48 INFO  Shut down connection with build server.[0m
2024.07.25 00:29:48 INFO  Shut down connection with build server.[0m
2024.07.25 00:29:48 INFO  Exiting server[0m
2024.07.25 00:30:07 INFO  Started: Metals version 1.3.3 in folders '/Users/daiki/repos/scala-dotinstall' for client Visual Studio Code 1.89.1.[0m
Jul 25, 2024 12:30:07 AM org.eclipse.lsp4j.jsonrpc.services.GenericEndpoint notify
INFO: Unsupported notification method: $/setTrace
SLF4J(W): Class path contains multiple SLF4J providers.
SLF4J(W): Found provider [scribe.slf4j.ScribeServiceProvider@1b173200]
SLF4J(W): Found provider [ch.qos.logback.classic.spi.LogbackServiceProvider@651c3da2]
SLF4J(W): See https://www.slf4j.org/codes.html#multiple_bindings for an explanation.
SLF4J(I): Actual provider is of type [scribe.slf4j.ScribeServiceProvider@1b173200]
2024.07.25 00:30:07 WARN  Flyway upgrade recommended: H2 2.2.224 is newer than this version of Flyway and support has not been tested. The latest supported version of H2 is 2.2.220.[0m
2024.07.25 00:30:07 INFO  Attempting to connect to the build server...[0m
2024.07.25 00:30:07 INFO  tracing is disabled for protocol BSP, to enable tracing of incoming and outgoing JSON messages create an empty file at /Users/daiki/repos/scala-dotinstall/.metals/bsp.trace.json or /Users/daiki/Library/Caches/org.scalameta.metals/bsp.trace.json[0m
2024.07.25 00:30:07 INFO  Attempting to connect to the build server...[0m
2024.07.25 00:30:07 INFO  tracing is disabled for protocol BSP, to enable tracing of incoming and outgoing JSON messages create an empty file at /Users/daiki/repos/scala-dotinstall/project/.metals/bsp.trace.json or /Users/daiki/Library/Caches/org.scalameta.metals/bsp.trace.json[0m
2024.07.25 00:30:08 INFO  time: Connected to build server in 1.01s[0m
2024.07.25 00:30:08 INFO  Connected to Build server: Bloop v1.6.0[0m
2024.07.25 00:30:08 INFO  running doctor check[0m
2024.07.25 00:30:08 INFO  java targets: scala-dotinstall-build, scala-dotinstall-test, scala-dotinstall[0m
2024.07.25 00:30:18 ERROR Failed to resolve mtags for 2.11.8
coursierapi.error.SimpleResolutionError$1: Error downloading org.scalameta:mtags_2.11.8:1.3.3
  not found: /Users/daiki/.ivy2/local/org.scalameta/mtags_2.11.8/1.3.3/ivys/ivy.xml
  not found: https://repo1.maven.org/maven2/org/scalameta/mtags_2.11.8/1.3.3/mtags_2.11.8-1.3.3.pom
  not found: /Users/daiki/.ivy2/local/org.scalameta/mtags_2.11.8/1.3.3/ivys/ivy.xml
  not found: https://oss.sonatype.org/content/repositories/public/org/scalameta/mtags_2.11.8/1.3.3/mtags_2.11.8-1.3.3.pom
  not found: https://oss.sonatype.org/content/repositories/snapshots/org/scalameta/mtags_2.11.8/1.3.3/mtags_2.11.8-1.3.3.pom
	at coursierapi.error.SimpleResolutionError.of(SimpleResolutionError.java:11)
	at coursierapi.shaded.coursier.internal.api.ApiHelper$.simpleResError(ApiHelper.scala:371)
	at coursierapi.shaded.coursier.internal.api.ApiHelper$.doFetch(ApiHelper.scala:415)
	at coursierapi.shaded.coursier.internal.api.ApiHelper.doFetch(ApiHelper.scala)
	at coursierapi.Fetch.fetchResult(Fetch.java:244)
	at coursierapi.Fetch.fetch(Fetch.java:239)
	at scala.meta.internal.metals.Embedded$.downloadDependency(Embedded.scala:301)
	at scala.meta.internal.metals.Embedded$.downloadMtags(Embedded.scala:340)
	at scala.meta.internal.metals.MtagsResolver$Default.fetch$1(MtagsResolver.scala:141)
	at scala.meta.internal.metals.MtagsResolver$Default.fetch$1(MtagsResolver.scala:153)
	at scala.meta.internal.metals.MtagsResolver$Default.fetch$1(MtagsResolver.scala:153)
	at scala.meta.internal.metals.MtagsResolver$Default.fetch$1(MtagsResolver.scala:153)
	at scala.meta.internal.metals.MtagsResolver$Default.fetch$1(MtagsResolver.scala:153)
	at scala.meta.internal.metals.MtagsResolver$Default.fetch$1(MtagsResolver.scala:153)
	at scala.meta.internal.metals.MtagsResolver$Default.$anonfun$resolve$7(MtagsResolver.scala:196)
	at java.util.concurrent.ConcurrentHashMap.compute(ConcurrentHashMap.java:1916)
	at scala.meta.internal.metals.MtagsResolver$Default.resolve(MtagsResolver.scala:194)
	at scala.meta.internal.metals.MtagsResolver$Default.resolve(MtagsResolver.scala:108)
	at scala.meta.internal.metals.MtagsResolver.isSupportedScalaVersion(MtagsResolver.scala:25)
	at scala.meta.internal.metals.MtagsResolver.isSupportedScalaVersion$(MtagsResolver.scala:24)
	at scala.meta.internal.metals.MtagsResolver$Default.isSupportedScalaVersion(MtagsResolver.scala:82)
	at scala.meta.internal.metals.doctor.ProblemResolver.isSupportedScalaVersion$1(ProblemResolver.scala:198)
	at scala.meta.internal.metals.doctor.ProblemResolver.findProblem(ProblemResolver.scala:202)
	at scala.meta.internal.metals.doctor.ProblemResolver.$anonfun$problemMessage$1(ProblemResolver.scala:66)
	at scala.collection.immutable.List.flatMap(List.scala:294)
	at scala.meta.internal.metals.doctor.ProblemResolver.problemMessage(ProblemResolver.scala:65)
	at scala.meta.internal.metals.doctor.Doctor.check(Doctor.scala:113)
	at scala.meta.internal.metals.MetalsLspService.check(MetalsLspService.scala:1596)
	at scala.meta.internal.metals.ProjectMetalsLspService.check(ProjectMetalsLspService.scala:1369)
	at scala.meta.internal.metals.ProjectMetalsLspService.$anonfun$connectToNewBuildServer$4(ProjectMetalsLspService.scala:993)
	at scala.runtime.java8.JFunction0$mcV$sp.apply(JFunction0$mcV$sp.scala:18)
	at scala.meta.internal.metals.TimerProvider.timedThunk(TimerProvider.scala:25)
	at scala.meta.internal.metals.Indexer.indexWorkspace(Indexer.scala:326)
	at scala.meta.internal.metals.Indexer.$anonfun$profiledIndexWorkspace$2(Indexer.scala:166)
	at scala.runtime.java8.JFunction0$mcV$sp.apply(JFunction0$mcV$sp.scala:18)
	at scala.meta.internal.metals.TimerProvider.timedThunk(TimerProvider.scala:25)
	at scala.meta.internal.metals.Indexer.$anonfun$profiledIndexWorkspace$1(Indexer.scala:166)
	at scala.runtime.java8.JFunction0$mcV$sp.apply(JFunction0$mcV$sp.scala:18)
	at scala.concurrent.Future$.$anonfun$apply$1(Future.scala:687)
	at scala.concurrent.impl.Promise$Transformation.run(Promise.scala:467)
	at java.util.concurrent.ThreadPoolExecutor.runWorker(ThreadPoolExecutor.java:1136)
	at java.util.concurrent.ThreadPoolExecutor$Worker.run(ThreadPoolExecutor.java:635)
	at java.lang.Thread.run(Thread.java:833)
[0m
2024.07.25 00:30:18 WARN  unsupported Scala 2.11.8[0m
2024.07.25 00:30:20 WARN  Flyway upgrade recommended: H2 2.2.224 is newer than this version of Flyway and support has not been tested. The latest supported version of H2 is 2.2.220.[0m
2024.07.25 00:30:20 INFO  time: indexed workspace in 11s[0m
2024.07.25 00:30:20 WARN  unsupported Scala 2.11.8[0m
2024.07.25 00:30:22 INFO  compiling scala-dotinstall (1 scala source)[0m
2024.07.25 00:30:22 INFO  time: compiled scala-dotinstall in 0.47s[0m
2024.07.25 00:30:22 WARN  unsupported Scala 2.11.8[0m
2024.07.25 00:30:22 WARN  unsupported Scala 2.11.8[0m
2024.07.25 00:30:22 INFO  compiling scala-dotinstall (1 scala source)[0m
2024.07.25 00:30:22 INFO  time: compiled scala-dotinstall in 41ms[0m
2024.07.25 00:30:22 WARN  unsupported Scala 2.11.8[0m
2024.07.25 00:30:25 WARN  unsupported Scala 2.11.8[0m
2024.07.25 00:30:25 WARN  unsupported Scala 2.11.8[0m
2024.07.25 00:30:25 WARN  unsupported Scala 2.11.8[0m
2024.07.25 00:30:25 WARN  unsupported Scala 2.11.8[0m
2024.07.25 00:30:25 WARN  unsupported Scala 2.11.8[0m
2024.07.25 00:30:25 WARN  unsupported Scala 2.11.8[0m
2024.07.25 00:30:25 WARN  unsupported Scala 2.11.8[0m
2024.07.25 00:30:25 WARN  unsupported Scala 2.11.8[0m
2024.07.25 00:30:25 WARN  unsupported Scala 2.11.8[0m
2024.07.25 00:30:25 WARN  unsupported Scala 2.11.8[0m
2024.07.25 00:30:25 WARN  unsupported Scala 2.11.8[0m
2024.07.25 00:30:25 WARN  unsupported Scala 2.11.8[0m
2024.07.25 00:30:25 WARN  unsupported Scala 2.11.8[0m
2024.07.25 00:30:27 WARN  unsupported Scala 2.11.8[0m
2024.07.25 00:30:27 WARN  unsupported Scala 2.11.8[0m
2024.07.25 00:30:27 WARN  unsupported Scala 2.11.8[0m
2024.07.25 00:30:27 WARN  unsupported Scala 2.11.8[0m
2024.07.25 00:30:27 WARN  unsupported Scala 2.11.8[0m
2024.07.25 00:30:27 WARN  unsupported Scala 2.11.8[0m
2024.07.25 00:30:27 WARN  unsupported Scala 2.11.8[0m
2024.07.25 00:30:27 WARN  unsupported Scala 2.11.8[0m
2024.07.25 00:30:27 WARN  unsupported Scala 2.11.8[0m
2024.07.25 00:30:27 WARN  unsupported Scala 2.11.8[0m
2024.07.25 00:30:27 WARN  unsupported Scala 2.11.8[0m
2024.07.25 00:30:28 WARN  unsupported Scala 2.11.8[0m
2024.07.25 00:30:29 WARN  unsupported Scala 2.11.8[0m
2024.07.25 00:30:29 WARN  unsupported Scala 2.11.8[0m
2024.07.25 00:30:29 WARN  unsupported Scala 2.11.8[0m
2024.07.25 00:30:34 WARN  unsupported Scala 2.11.8[0m
2024.07.25 00:30:34 INFO  compiling scala-dotinstall (1 scala source)[0m
2024.07.25 00:30:34 INFO  time: compiled scala-dotinstall in 44ms[0m
2024.07.25 00:30:34 WARN  unsupported Scala 2.11.8[0m
Jul 25, 2024 12:30:49 AM org.eclipse.lsp4j.jsonrpc.services.GenericEndpoint notify
INFO: Unsupported notification method: $/setTrace
2024.07.25 00:33:50 WARN  unsupported Scala 2.11.8[0m
2024.07.25 00:33:50 WARN  unsupported Scala 2.11.8[0m
2024.07.25 00:33:50 WARN  unsupported Scala 2.11.8[0m
2024.07.25 00:33:50 WARN  unsupported Scala 2.11.8[0m
2024.07.25 00:33:50 WARN  unsupported Scala 2.11.8[0m
2024.07.25 00:33:50 WARN  unsupported Scala 2.11.8[0m
2024.07.25 00:33:51 WARN  unsupported Scala 2.11.8[0m
2024.07.25 00:33:50 WARN  unsupported Scala 2.11.8[0m
2024.07.25 00:33:50 WARN  unsupported Scala 2.11.8[0m
2024.07.25 00:33:51 WARN  unsupported Scala 2.11.8[0m
2024.07.25 00:33:50 WARN  unsupported Scala 2.11.8[0m
2024.07.25 00:33:50 WARN  unsupported Scala 2.11.8[0m
2024.07.25 00:33:50 WARN  unsupported Scala 2.11.8[0m
2024.07.25 00:33:50 WARN  unsupported Scala 2.11.8[0m
2024.07.25 00:33:50 WARN  unsupported Scala 2.11.8[0m
2024.07.25 00:33:51 WARN  unsupported Scala 2.11.8[0m
2024.07.25 00:33:53 WARN  unsupported Scala 2.11.8[0m
2024.07.25 00:33:53 WARN  unsupported Scala 2.11.8[0m
2024.07.25 00:33:53 WARN  unsupported Scala 2.11.8[0m
2024.07.25 00:33:53 WARN  unsupported Scala 2.11.8[0m
2024.07.25 00:33:53 WARN  unsupported Scala 2.11.8[0m
2024.07.25 00:33:53 WARN  unsupported Scala 2.11.8[0m
2024.07.25 00:33:53 WARN  unsupported Scala 2.11.8[0m
2024.07.25 00:33:53 WARN  unsupported Scala 2.11.8[0m
2024.07.25 00:33:53 WARN  unsupported Scala 2.11.8[0m
2024.07.25 00:33:53 WARN  unsupported Scala 2.11.8[0m
2024.07.25 00:33:53 WARN  unsupported Scala 2.11.8[0m
2024.07.25 00:33:53 WARN  unsupported Scala 2.11.8[0m
2024.07.25 00:33:54 WARN  unsupported Scala 2.11.8[0m
2024.07.25 00:33:54 WARN  unsupported Scala 2.11.8[0m
2024.07.25 00:33:55 WARN  unsupported Scala 2.11.8[0m
2024.07.25 00:33:55 WARN  unsupported Scala 2.11.8[0m
2024.07.25 00:33:56 WARN  unsupported Scala 2.11.8[0m
2024.07.25 00:33:55 WARN  unsupported Scala 2.11.8[0m
2024.07.25 00:33:55 WARN  unsupported Scala 2.11.8[0m
2024.07.25 00:33:55 WARN  unsupported Scala 2.11.8[0m
2024.07.25 00:33:55 WARN  unsupported Scala 2.11.8[0m
2024.07.25 00:33:55 WARN  unsupported Scala 2.11.8[0m
2024.07.25 00:33:55 WARN  unsupported Scala 2.11.8[0m
2024.07.25 00:33:55 WARN  unsupported Scala 2.11.8[0m
2024.07.25 00:33:56 WARN  unsupported Scala 2.11.8[0m
2024.07.25 00:33:57 WARN  unsupported Scala 2.11.8[0m
2024.07.25 00:33:57 WARN  unsupported Scala 2.11.8[0m
2024.07.25 00:33:57 WARN  unsupported Scala 2.11.8[0m
2024.07.25 00:33:57 WARN  unsupported Scala 2.11.8[0m
2024.07.25 00:33:57 WARN  unsupported Scala 2.11.8[0m
2024.07.25 00:33:57 WARN  unsupported Scala 2.11.8[0m
2024.07.25 00:33:57 WARN  unsupported Scala 2.11.8[0m
2024.07.25 00:33:57 WARN  unsupported Scala 2.11.8[0m
2024.07.25 00:33:57 WARN  unsupported Scala 2.11.8[0m
2024.07.25 00:33:57 WARN  unsupported Scala 2.11.8[0m
2024.07.25 00:33:57 WARN  unsupported Scala 2.11.8[0m
2024.07.25 00:33:57 WARN  unsupported Scala 2.11.8[0m
2024.07.25 00:33:57 WARN  unsupported Scala 2.11.8[0m
2024.07.25 00:33:57 WARN  unsupported Scala 2.11.8[0m
2024.07.25 00:33:57 WARN  unsupported Scala 2.11.8[0m
2024.07.25 00:33:57 WARN  unsupported Scala 2.11.8[0m
2024.07.25 00:33:57 WARN  unsupported Scala 2.11.8[0m
2024.07.25 00:34:00 WARN  unsupported Scala 2.11.8[0m
2024.07.25 00:34:00 WARN  unsupported Scala 2.11.8[0m
2024.07.25 00:34:00 WARN  unsupported Scala 2.11.8[0m
2024.07.25 00:34:00 WARN  unsupported Scala 2.11.8[0m
2024.07.25 00:34:00 WARN  unsupported Scala 2.11.8[0m
2024.07.25 00:34:00 WARN  unsupported Scala 2.11.8[0m
2024.07.25 00:34:00 WARN  unsupported Scala 2.11.8[0m
2024.07.25 00:34:00 WARN  unsupported Scala 2.11.8[0m
2024.07.25 00:34:00 WARN  unsupported Scala 2.11.8[0m
2024.07.25 00:34:00 WARN  unsupported Scala 2.11.8[0m
2024.07.25 00:34:00 WARN  unsupported Scala 2.11.8[0m
2024.07.25 00:34:01 WARN  unsupported Scala 2.11.8[0m
2024.07.25 00:34:01 WARN  unsupported Scala 2.11.8[0m
2024.07.25 00:34:01 WARN  unsupported Scala 2.11.8[0m
2024.07.25 00:34:01 WARN  unsupported Scala 2.11.8[0m
2024.07.25 00:34:01 WARN  unsupported Scala 2.11.8[0m
2024.07.25 00:34:01 WARN  unsupported Scala 2.11.8[0m
2024.07.25 00:34:01 WARN  unsupported Scala 2.11.8[0m
2024.07.25 00:34:01 WARN  unsupported Scala 2.11.8[0m
2024.07.25 00:34:01 WARN  unsupported Scala 2.11.8[0m
2024.07.25 00:34:01 WARN  unsupported Scala 2.11.8[0m
2024.07.25 00:34:01 WARN  unsupported Scala 2.11.8[0m
2024.07.25 00:34:01 WARN  unsupported Scala 2.11.8[0m
2024.07.25 00:34:03 WARN  unsupported Scala 2.11.8[0m
2024.07.25 00:34:03 WARN  unsupported Scala 2.11.8[0m
2024.07.25 00:34:05 WARN  unsupported Scala 2.11.8[0m
2024.07.25 00:34:05 WARN  unsupported Scala 2.11.8[0m
2024.07.25 00:34:07 WARN  unsupported Scala 2.11.8[0m
2024.07.25 00:34:07 WARN  unsupported Scala 2.11.8[0m
2024.07.25 00:34:09 WARN  unsupported Scala 2.11.8[0m
2024.07.25 00:34:09 WARN  unsupported Scala 2.11.8[0m
2024.07.25 00:34:09 WARN  unsupported Scala 2.11.8[0m
2024.07.25 00:34:09 WARN  unsupported Scala 2.11.8[0m
2024.07.25 00:34:09 WARN  unsupported Scala 2.11.8[0m
2024.07.25 00:34:09 WARN  unsupported Scala 2.11.8[0m
2024.07.25 00:34:09 WARN  unsupported Scala 2.11.8[0m
2024.07.25 00:34:09 WARN  unsupported Scala 2.11.8[0m
2024.07.25 00:34:09 WARN  unsupported Scala 2.11.8[0m
2024.07.25 00:34:09 WARN  unsupported Scala 2.11.8[0m
2024.07.25 00:34:09 WARN  unsupported Scala 2.11.8[0m
2024.07.25 00:34:09 WARN  unsupported Scala 2.11.8[0m
2024.07.25 00:34:09 WARN  unsupported Scala 2.11.8[0m
2024.07.25 00:34:09 WARN  unsupported Scala 2.11.8[0m
2024.07.25 00:34:09 WARN  unsupported Scala 2.11.8[0m
2024.07.25 00:34:09 WARN  unsupported Scala 2.11.8[0m
2024.07.25 00:34:10 WARN  unsupported Scala 2.11.8[0m
2024.07.25 00:34:10 WARN  unsupported Scala 2.11.8[0m
2024.07.25 00:34:10 WARN  unsupported Scala 2.11.8[0m
2024.07.25 00:34:10 WARN  unsupported Scala 2.11.8[0m
2024.07.25 00:34:10 WARN  unsupported Scala 2.11.8[0m
2024.07.25 00:34:10 WARN  unsupported Scala 2.11.8[0m
2024.07.25 00:34:10 WARN  unsupported Scala 2.11.8[0m
2024.07.25 00:34:10 WARN  unsupported Scala 2.11.8[0m
2024.07.25 00:34:10 WARN  unsupported Scala 2.11.8[0m
2024.07.25 00:34:11 WARN  unsupported Scala 2.11.8[0m
2024.07.25 00:34:10 WARN  unsupported Scala 2.11.8[0m
2024.07.25 00:34:10 WARN  unsupported Scala 2.11.8[0m
2024.07.25 00:34:11 WARN  unsupported Scala 2.11.8[0m
2024.07.25 00:34:12 WARN  unsupported Scala 2.11.8[0m
2024.07.25 00:34:12 WARN  unsupported Scala 2.11.8[0m
2024.07.25 00:34:12 WARN  unsupported Scala 2.11.8[0m
2024.07.25 00:34:13 WARN  unsupported Scala 2.11.8[0m
2024.07.25 00:34:13 WARN  unsupported Scala 2.11.8[0m
2024.07.25 00:34:12 WARN  unsupported Scala 2.11.8[0m
2024.07.25 00:34:13 WARN  unsupported Scala 2.11.8[0m
2024.07.25 00:34:14 WARN  unsupported Scala 2.11.8[0m
2024.07.25 00:34:13 WARN  unsupported Scala 2.11.8[0m
2024.07.25 00:34:14 WARN  unsupported Scala 2.11.8[0m
2024.07.25 00:34:15 WARN  unsupported Scala 2.11.8[0m
2024.07.25 00:34:14 WARN  unsupported Scala 2.11.8[0m
2024.07.25 00:34:16 INFO  compiling scala-dotinstall (1 scala source)[0m
2024.07.25 00:34:16 INFO  time: compiled scala-dotinstall in 48ms[0m
2024.07.25 00:34:17 WARN  unsupported Scala 2.11.8[0m
2024.07.25 00:34:19 WARN  unsupported Scala 2.11.8[0m
2024.07.25 00:34:19 WARN  unsupported Scala 2.11.8[0m
2024.07.25 00:34:19 WARN  unsupported Scala 2.11.8[0m
2024.07.25 00:34:20 WARN  unsupported Scala 2.11.8[0m
2024.07.25 00:34:19 WARN  unsupported Scala 2.11.8[0m
2024.07.25 00:34:20 WARN  unsupported Scala 2.11.8[0m
2024.07.25 00:34:21 WARN  unsupported Scala 2.11.8[0m
2024.07.25 00:34:21 WARN  unsupported Scala 2.11.8[0m
2024.07.25 00:34:21 WARN  unsupported Scala 2.11.8[0m
2024.07.25 00:34:21 WARN  unsupported Scala 2.11.8[0m
2024.07.25 00:34:21 WARN  unsupported Scala 2.11.8[0m
2024.07.25 00:34:23 WARN  unsupported Scala 2.11.8[0m
2024.07.25 00:34:23 WARN  unsupported Scala 2.11.8[0m
2024.07.25 00:34:23 WARN  unsupported Scala 2.11.8[0m
2024.07.25 00:34:24 WARN  unsupported Scala 2.11.8[0m
2024.07.25 00:34:25 WARN  unsupported Scala 2.11.8[0m
2024.07.25 00:34:25 WARN  unsupported Scala 2.11.8[0m
2024.07.25 00:34:25 WARN  unsupported Scala 2.11.8[0m
2024.07.25 00:34:25 WARN  unsupported Scala 2.11.8[0m
2024.07.25 00:34:26 WARN  unsupported Scala 2.11.8[0m
2024.07.25 00:34:26 WARN  unsupported Scala 2.11.8[0m
2024.07.25 00:34:26 WARN  unsupported Scala 2.11.8[0m
2024.07.25 00:34:27 WARN  unsupported Scala 2.11.8[0m
2024.07.25 00:34:26 WARN  unsupported Scala 2.11.8[0m
2024.07.25 00:34:27 WARN  unsupported Scala 2.11.8[0m
2024.07.25 00:34:28 WARN  unsupported Scala 2.11.8[0m
2024.07.25 00:34:27 WARN  unsupported Scala 2.11.8[0m
2024.07.25 00:34:28 WARN  unsupported Scala 2.11.8[0m
2024.07.25 00:34:29 WARN  unsupported Scala 2.11.8[0m
2024.07.25 00:34:29 WARN  unsupported Scala 2.11.8[0m
2024.07.25 00:34:29 WARN  unsupported Scala 2.11.8[0m
2024.07.25 00:34:29 WARN  unsupported Scala 2.11.8[0m
2024.07.25 00:34:30 WARN  unsupported Scala 2.11.8[0m
2024.07.25 00:34:30 WARN  unsupported Scala 2.11.8[0m
2024.07.25 00:34:31 WARN  unsupported Scala 2.11.8[0m
2024.07.25 00:34:30 WARN  unsupported Scala 2.11.8[0m
2024.07.25 00:34:31 WARN  unsupported Scala 2.11.8[0m
2024.07.25 00:34:32 WARN  unsupported Scala 2.11.8[0m
2024.07.25 00:34:33 WARN  unsupported Scala 2.11.8[0m
2024.07.25 00:34:32 WARN  unsupported Scala 2.11.8[0m
2024.07.25 00:34:33 WARN  unsupported Scala 2.11.8[0m
2024.07.25 00:34:33 WARN  unsupported Scala 2.11.8[0m
2024.07.25 00:34:33 WARN  unsupported Scala 2.11.8[0m
2024.07.25 00:34:33 WARN  unsupported Scala 2.11.8[0m
2024.07.25 00:34:34 WARN  unsupported Scala 2.11.8[0m
2024.07.25 00:34:35 WARN  unsupported Scala 2.11.8[0m
2024.07.25 00:34:35 WARN  unsupported Scala 2.11.8[0m
2024.07.25 00:34:35 WARN  unsupported Scala 2.11.8[0m
2024.07.25 00:34:36 INFO  compiling scala-dotinstall (1 scala source)[0m
2024.07.25 00:34:36 INFO  time: compiled scala-dotinstall in 50ms[0m
2024.07.25 00:34:35 WARN  unsupported Scala 2.11.8[0m
2024.07.25 00:34:36 WARN  unsupported Scala 2.11.8[0m
